<?xml version="1.0" encoding="UTF-8"?>
<!-- Generated by org.testng.reporters.JUnitReportReporter -->
<testsuite hostname="Sachins-MacBook-Pro.local" failures="0" tests="54" name="com.askomdch.testcases.HomeTest" time="445.395" errors="0" timestamp="2023-09-29T14:37:40 EDT" skipped="2">
  <testcase classname="com.askomdch.testcases.HomeTest" name="testEmptyCartText" time="8.521"/>
  <testcase classname="com.askomdch.testcases.HomeTest" name="testFindMoreHrefAttr" time="5.928"/>
  <testcase classname="com.askomdch.testcases.HomeTest" name="testArticleOneParagraphText" time="6.359"/>
  <testcase classname="com.askomdch.testcases.HomeTest" name="testPageHeaderText" time="9.655"/>
  <testcase classname="com.askomdch.testcases.HomeTest" name="testPageSubHeaderText" time="5.587"/>
  <testcase classname="com.askomdch.testcases.HomeTest" name="testClickingOnFindMoreLinkOpensContactUsPage" time="7.596"/>
  <testcase classname="com.askomdch.testcases.HomeTest" name="testPageTitle" time="9.837"/>
  <testcase classname="com.askomdch.testcases.HomeTest" name="testArticleOneShopNowLinkText" time="10.274"/>
  <testcase classname="com.askomdch.testcases.HomeTest" name="testArticleOneHeaderText" time="11.283"/>
  <testcase classname="com.askomdch.testcases.HomeTest" name="testClickingOnShopNowLinkOpensStorePage" time="8.695"/>
  <testcase classname="com.askomdch.testcases.HomeTest" name="testArticleTwoHeaderText" time="6.734"/>
  <testcase classname="com.askomdch.testcases.HomeTest" name="testArticleOneShopNowLinkHrefAttr" time="9.153"/>
  <testcase classname="com.askomdch.testcases.HomeTest" name="testArticleTwoParagraphText" time="14.090"/>
  <testcase classname="com.askomdch.testcases.HomeTest" name="testClickingOnShopNowLinkOpensProductCategoryWomenPage" time="7.777"/>
  <testcase classname="com.askomdch.testcases.HomeTest" name="testArticleImageTwo" time="11.235"/>
  <testcase classname="com.askomdch.testcases.HomeTest" name="testNavbarContentText" time="6.277"/>
  <testcase classname="com.askomdch.testcases.HomeTest" name="testFindMoreLinkText" time="8.671"/>
  <testcase classname="com.askomdch.testcases.HomeTest" name="testLogoText" time="8.287"/>
  <testcase classname="com.askomdch.testcases.HomeTest" name="testArticleOneShopNowLinkText" time="4.455"/>
  <testcase classname="com.askomdch.testcases.HomeTest" name="testPageTitle" time="4.424"/>
  <testcase classname="com.askomdch.testcases.HomeTest" name="testArticleImageTwo" time="5.088"/>
  <testcase classname="com.askomdch.testcases.HomeTest" name="testArticleImageOne" time="12.010"/>
  <testcase classname="com.askomdch.testcases.HomeTest" name="testClickingOnShopNowLinkOpensProductCategoryMenPage" time="6.678"/>
  <testcase classname="com.askomdch.testcases.HomeTest" name="testNavbarContentText" time="11.829"/>
  <testcase classname="com.askomdch.testcases.HomeTest" name="testArticleTwoShopNowLinkText" time="9.565"/>
  <testcase classname="com.askomdch.testcases.HomeTest" name="testFindMoreLinkText" time="5.591"/>
  <testcase classname="com.askomdch.testcases.HomeTest" name="testClickingOnShopNowLinkOpensProductCategoryMenPage" time="12.891"/>
  <testcase classname="com.askomdch.testcases.HomeTest" name="testPageHeaderFontWeight" time="10.818"/>
  <testcase classname="com.askomdch.testcases.HomeTest" name="testClickingOnShopNowLinkOpensProductCategoryWomenPage" time="12.084"/>
  <testcase classname="com.askomdch.testcases.HomeTest" name="testStoreHeaderText" time="10.184"/>
  <testcase classname="com.askomdch.testcases.HomeTest" name="testArticleTwoShopNowLinkText" time="7.326"/>
  <testcase classname="com.askomdch.testcases.HomeTest" name="testArticleTwoHeaderText" time="9.251"/>
  <testcase classname="com.askomdch.testcases.HomeTest" name="testArticleOneParagraphText" time="13.136"/>
  <testcase classname="com.askomdch.testcases.HomeTest" name="testPageHeaderText" time="6.175"/>
  <testcase classname="com.askomdch.testcases.HomeTest" name="testClickingOnFindMoreLinkOpensContactUsPage" time="13.111"/>
  <testcase classname="com.askomdch.testcases.HomeTest" name="testArticleTwoShopNowLinkHrefAttr" time="5.757"/>
  <testcase classname="com.askomdch.testcases.HomeTest" name="testPageSubHeaderText" time="9.623"/>
  <testcase classname="com.askomdch.testcases.HomeTest" name="testEmptyCartText" time="9.882"/>
  <testcase classname="com.askomdch.testcases.HomeTest" name="testArticleOneShopNowLinkHrefAttr" time="4.952"/>
  <testcase classname="com.askomdch.testcases.HomeTest" name="testClickingOnShopNowLinkOpensStorePage" time="12.347"/>
  <testcase classname="com.askomdch.testcases.HomeTest" name="testArticleImageOne" time="6.115"/>
  <testcase classname="com.askomdch.testcases.HomeTest" name="testShopNowHrefAttr" time="11.376"/>
  <testcase classname="com.askomdch.testcases.HomeTest" name="testArticleTwoShopNowLinkHrefAttr" time="13.697"/>
  <testcase classname="com.askomdch.testcases.HomeTest" name="testArticleTwoParagraphText" time="7.346"/>
  <testcase classname="com.askomdch.testcases.HomeTest" name="testShopNowLinkText" time="5.380"/>
  <testcase classname="com.askomdch.testcases.HomeTest" name="testLogoText" time="6.189"/>
  <testcase classname="com.askomdch.testcases.HomeTest" name="testShopNowHrefAttr" time="5.086"/>
  <testcase classname="com.askomdch.testcases.HomeTest" name="testStoreHeaderText" time="8.572"/>
  <testcase classname="com.askomdch.testcases.HomeTest" name="testFindMoreHrefAttr" time="11.549"/>
  <testcase classname="com.askomdch.testcases.HomeTest" name="testArticleOneHeaderText" time="4.186"/>
  <testcase classname="com.askomdch.testcases.HomeTest" name="testShopNowLinkText" time="7.387"/>
  <testcase classname="com.askomdch.testcases.HomeTest" name="testPageHeaderFontWeight" time="5.376"/>
  <testcase classname="com.askomdch.testcases.HomeTest" name="testCartPopUpText">
    <skipped/>
  </testcase> <!-- testCartPopUpText -->
  <testcase classname="com.askomdch.testcases.HomeTest" name="testCartPopUpText">
    <skipped/>
  </testcase> <!-- testCartPopUpText -->
</testsuite> <!-- com.askomdch.testcases.HomeTest -->
