<?xml version="1.0" encoding="UTF-8"?>
<!-- Generated by org.testng.reporters.JUnitReportReporter -->
<testsuite hostname="Sachins-MacBook-Pro.local" failures="0" tests="56" name="com.askomdch.testcases.HomeTest" time="457.576" errors="0" timestamp="2023-09-29T21:40:05 EDT" skipped="2">
  <testcase classname="com.askomdch.testcases.HomeTest" name="testArticleOneShopNowLinkHrefAttr" time="8.960"/>
  <testcase classname="com.askomdch.testcases.HomeTest" name="testArticleOneParagraphText" time="6.288"/>
  <testcase classname="com.askomdch.testcases.HomeTest" name="testShopNowLinkText" time="9.100"/>
  <testcase classname="com.askomdch.testcases.HomeTest" name="testLogoText" time="5.663"/>
  <testcase classname="com.askomdch.testcases.HomeTest" name="testArticleOneParagraphText" time="9.487"/>
  <testcase classname="com.askomdch.testcases.HomeTest" name="testArticleTwoShopNowLinkText" time="6.051"/>
  <testcase classname="com.askomdch.testcases.HomeTest" name="testArticleOneHeaderText" time="4.489"/>
  <testcase classname="com.askomdch.testcases.HomeTest" name="testEmptyCartText" time="11.276"/>
  <testcase classname="com.askomdch.testcases.HomeTest" name="testArticleOneShopNowLinkText" time="5.149"/>
  <testcase classname="com.askomdch.testcases.HomeTest" name="testStoreHeaderText" time="12.249"/>
  <testcase classname="com.askomdch.testcases.HomeTest" name="testArticleImageOne" time="9.554"/>
  <testcase classname="com.askomdch.testcases.HomeTest" name="testClickingOnFindMoreLinkOpensContactUsPage" time="13.058"/>
  <testcase classname="com.askomdch.testcases.HomeTest" name="testPageHeaderFontWeight" time="10.235"/>
  <testcase classname="com.askomdch.testcases.HomeTest" name="testArticleOneShopNowLinkHrefAttr" time="4.682"/>
  <testcase classname="com.askomdch.testcases.HomeTest" name="testArticleImageTwo" time="10.952"/>
  <testcase classname="com.askomdch.testcases.HomeTest" name="testPageHeaderFontWeight" time="8.742"/>
  <testcase classname="com.askomdch.testcases.HomeTest" name="testArticleTwoShopNowLinkHrefAttr" time="9.261"/>
  <testcase classname="com.askomdch.testcases.HomeTest" name="testShopNowHrefAttr" time="12.485"/>
  <testcase classname="com.askomdch.testcases.HomeTest" name="testClickingOnFindMoreLinkOpensContactUsPage" time="9.037"/>
  <testcase classname="com.askomdch.testcases.HomeTest" name="testArticleOneHeaderText" time="8.934"/>
  <testcase classname="com.askomdch.testcases.HomeTest" name="testClickingOnShopNowLinkOpensStorePage" time="12.108"/>
  <testcase classname="com.askomdch.testcases.HomeTest" name="testShopNowHrefAttr" time="6.942"/>
  <testcase classname="com.askomdch.testcases.HomeTest" name="testPageHeaderText" time="8.759"/>
  <testcase classname="com.askomdch.testcases.HomeTest" name="testFindMoreLinkText" time="3.914"/>
  <testcase classname="com.askomdch.testcases.HomeTest" name="testStoreHeaderText" time="6.742"/>
  <testcase classname="com.askomdch.testcases.HomeTest" name="testLogoText" time="11.846"/>
  <testcase classname="com.askomdch.testcases.HomeTest" name="testArticleImageTwo" time="6.063"/>
  <testcase classname="com.askomdch.testcases.HomeTest" name="testClickingOnShopNowLinkOpensProductCategoryWomenPage" time="13.575"/>
  <testcase classname="com.askomdch.testcases.HomeTest" name="testFindMoreHrefAttr" time="6.527"/>
  <testcase classname="com.askomdch.testcases.HomeTest" name="testClickingOnShopNowLinkOpensStorePage" time="9.704"/>
  <testcase classname="com.askomdch.testcases.HomeTest" name="testArticleTwoShopNowLinkText" time="9.508"/>
  <testcase classname="com.askomdch.testcases.HomeTest" name="testArticleTwoParagraphText" time="11.837"/>
  <testcase classname="com.askomdch.testcases.HomeTest" name="testPageTitle" time="8.632"/>
  <testcase classname="com.askomdch.testcases.HomeTest" name="testEmptyCartText" time="5.492"/>
  <testcase classname="com.askomdch.testcases.HomeTest" name="testPageHeaderText" time="5.322"/>
  <testcase classname="com.askomdch.testcases.HomeTest" name="testArticleTwoShopNowLinkHrefAttr" time="6.122"/>
  <testcase classname="com.askomdch.testcases.HomeTest" name="testFeaturedProductsText" time="4.620"/>
  <testcase classname="com.askomdch.testcases.HomeTest" name="testFindMoreHrefAttr" time="11.791"/>
  <testcase classname="com.askomdch.testcases.HomeTest" name="testClickingOnShopNowLinkOpensProductCategoryMenPage" time="11.750"/>
  <testcase classname="com.askomdch.testcases.HomeTest" name="testNavbarContentText" time="4.853"/>
  <testcase classname="com.askomdch.testcases.HomeTest" name="testPageTitle" time="5.584"/>
  <testcase classname="com.askomdch.testcases.HomeTest" name="testNavbarContentText" time="10.038"/>
  <testcase classname="com.askomdch.testcases.HomeTest" name="testShopNowLinkText" time="5.894"/>
  <testcase classname="com.askomdch.testcases.HomeTest" name="testClickingOnShopNowLinkOpensProductCategoryMenPage" time="14.187"/>
  <testcase classname="com.askomdch.testcases.HomeTest" name="testArticleTwoParagraphText" time="8.719"/>
  <testcase classname="com.askomdch.testcases.HomeTest" name="testArticleTwoHeaderText" time="10.504"/>
  <testcase classname="com.askomdch.testcases.HomeTest" name="testPageSubHeaderText" time="5.291"/>
  <testcase classname="com.askomdch.testcases.HomeTest" name="testPageSubHeaderText" time="10.529"/>
  <testcase classname="com.askomdch.testcases.HomeTest" name="testArticleImageOne" time="4.818"/>
  <testcase classname="com.askomdch.testcases.HomeTest" name="testFindMoreLinkText" time="10.126"/>
  <testcase classname="com.askomdch.testcases.HomeTest" name="testClickingOnShopNowLinkOpensProductCategoryWomenPage" time="8.300"/>
  <testcase classname="com.askomdch.testcases.HomeTest" name="testArticleOneShopNowLinkText" time="9.968"/>
  <testcase classname="com.askomdch.testcases.HomeTest" name="testArticleTwoHeaderText" time="5.155"/>
  <testcase classname="com.askomdch.testcases.HomeTest" name="testFeaturedProductsText" time="6.704"/>
  <testcase classname="com.askomdch.testcases.HomeTest" name="testCartPopUpText">
    <skipped/>
  </testcase> <!-- testCartPopUpText -->
  <testcase classname="com.askomdch.testcases.HomeTest" name="testCartPopUpText">
    <skipped/>
  </testcase> <!-- testCartPopUpText -->
</testsuite> <!-- com.askomdch.testcases.HomeTest -->
